0 info it worked if it ends with ok
1 verbose cli [ 'C:\\Program Files\\nodejs\\node.exe',
1 verbose cli   'C:\\Program Files\\nodejs\\node_modules\\npm\\bin\\npm-cli.js',
1 verbose cli   'install',
1 verbose cli   'angular-route#0.2.18' ]
2 info using npm@2.14.20
3 info using node@v4.4.1
4 verbose install initial load of C:\Users\R I A\Source\Repos\TestL\package.json
5 verbose readDependencies loading dependencies from C:\Users\R I A\Source\Repos\TestL\package.json
6 silly cache add args [ 'angular-route#0.2.18', null ]
7 verbose cache add spec angular-route#0.2.18
8 silly cache add parsed spec Result {
8 silly cache add   raw: 'angular-route#0.2.18',
8 silly cache add   scope: null,
8 silly cache add   name: null,
8 silly cache add   rawSpec: 'angular-route#0.2.18',
8 silly cache add   spec: 'C:\\Users\\R I A\\Source\\Repos\\TestL\\angular-route#0.2.18',
8 silly cache add   type: 'local' }
9 error addLocal Could not install C:\Users\R I A\Source\Repos\TestL\angular-route#0.2.18
10 verbose stack Error: ENOENT: no such file or directory, open 'C:\Users\R I A\Source\Repos\TestL\angular-route#0.2.18'
10 verbose stack     at Error (native)
11 verbose cwd C:\Users\R I A\Source\Repos\TestL
12 error Windows_NT 10.0.14393
13 error argv "C:\\Program Files\\nodejs\\node.exe" "C:\\Program Files\\nodejs\\node_modules\\npm\\bin\\npm-cli.js" "install" "angular-route#0.2.18"
14 error node v4.4.1
15 error npm  v2.14.20
16 error path C:\Users\R I A\Source\Repos\TestL\angular-route#0.2.18
17 error code ENOENT
18 error errno -4058
19 error syscall open
20 error enoent ENOENT: no such file or directory, open 'C:\Users\R I A\Source\Repos\TestL\angular-route#0.2.18'
20 error enoent This is most likely not a problem with npm itself
20 error enoent and is related to npm not being able to find a file.
21 verbose exit [ -4058, true ]
